2024-02-12T08:47:05.200Z [31merror[39m    [Machines, createMachineController]  User:leonardo_heredia123@hotmail.com  {"errors":{"foto_equipo":{"stringValue":"\"[\n  {\n    fieldname: 'foto_equipo',\n    originalname: 'gengar.png',\n    encoding: '7bit',\n    mimetype: 'image/png',\n    destination: './assets',\n    filename: '483577e4-cc68-44ea-bd8e-19264a0015f0.png',\n    path: 'assets\\\\483577e4-cc68-44ea-bd8e-19264a0015f0.png',\n    size: 594027\n  }\n]\"","valueType":"Array","kind":"ObjectId","value":[{"fieldname":"foto_equipo","originalname":"gengar.png","encoding":"7bit","mimetype":"image/png","destination":"./assets","filename":"483577e4-cc68-44ea-bd8e-19264a0015f0.png","path":"assets\\483577e4-cc68-44ea-bd8e-19264a0015f0.png","size":594027}],"path":"foto_equipo","reason":{},"name":"CastError","message":"Cast to ObjectId failed for value \"[\n  {\n    fieldname: 'foto_equipo',\n    originalname: 'gengar.png',\n    encoding: '7bit',\n    mimetype: 'image/png',\n    destination: './assets',\n    filename: '483577e4-cc68-44ea-bd8e-19264a0015f0.png',\n    path: 'assets\\\\483577e4-cc68-44ea-bd8e-19264a0015f0.png',\n    size: 594027\n  }\n]\" (type Array) at path \"foto_equipo\" because of \"BSONError\""},"foto_etiqueta_calibracion":{"stringValue":"\"[\n  {\n    fieldname: 'foto_etiqueta_calibracion',\n    originalname: 'gengar.png',\n    encoding: '7bit',\n    mimetype: 'image/png',\n    destination: './assets',\n    filename: 'eada219b-e0d0-4b76-b851-0354d49bcde7.png',\n    path: 'assets\\\\eada219b-e0d0-4b76-b851-0354d49bcde7.png',\n    size: 594027\n  }\n]\"","valueType":"Array","kind":"ObjectId","value":[{"fieldname":"foto_etiqueta_calibracion","originalname":"gengar.png","encoding":"7bit","mimetype":"image/png","destination":"./assets","filename":"eada219b-e0d0-4b76-b851-0354d49bcde7.png","path":"assets\\eada219b-e0d0-4b76-b851-0354d49bcde7.png","size":594027}],"path":"foto_etiqueta_calibracion","reason":{},"name":"CastError","message":"Cast to ObjectId failed for value \"[\n  {\n    fieldname: 'foto_etiqueta_calibracion',\n    originalname: 'gengar.png',\n    encoding: '7bit',\n    mimetype: 'image/png',\n    destination: './assets',\n    filename: 'eada219b-e0d0-4b76-b851-0354d49bcde7.png',\n    path: 'assets\\\\eada219b-e0d0-4b76-b851-0354d49bcde7.png',\n    size: 594027\n  }\n]\" (type Array) at path \"foto_etiqueta_calibracion\" because of \"BSONError\""}},"_message":"Calibration validation failed","name":"ValidationError","message":"Calibration validation failed: foto_equipo: Cast to ObjectId failed for value \"[\n  {\n    fieldname: 'foto_equipo',\n    originalname: 'gengar.png',\n    encoding: '7bit',\n    mimetype: 'image/png',\n    destination: './assets',\n    filename: '483577e4-cc68-44ea-bd8e-19264a0015f0.png',\n    path: 'assets\\\\483577e4-cc68-44ea-bd8e-19264a0015f0.png',\n    size: 594027\n  }\n]\" (type Array) at path \"foto_equipo\" because of \"BSONError\", foto_etiqueta_calibracion: Cast to ObjectId failed for value \"[\n  {\n    fieldname: 'foto_etiqueta_calibracion',\n    originalname: 'gengar.png',\n    encoding: '7bit',\n    mimetype: 'image/png',\n    destination: './assets',\n    filename: 'eada219b-e0d0-4b76-b851-0354d49bcde7.png',\n    path: 'assets\\\\eada219b-e0d0-4b76-b851-0354d49bcde7.png',\n    size: 594027\n  }\n]\" (type Array) at path \"foto_etiqueta_calibracion\" because of \"BSONError\""}
2024-02-12T09:19:51.176Z [31merror[39m    [Machines, createMachineController]  User:leonardo_heredia123@hotmail.com  {}
2024-02-12T09:22:15.010Z [31merror[39m    [Machines, createMachineController]  User:leonardo_heredia123@hotmail.com  {}
2024-02-12T09:22:51.753Z [31merror[39m    [Machines, createMachineController]  User:leonardo_heredia123@hotmail.com  {}
2024-02-12T09:24:12.160Z [31merror[39m    [Machines, createMachineController]  User:leonardo_heredia123@hotmail.com  {}
2024-02-12T09:24:36.559Z [31merror[39m    [Machines, createMachineController]  User:leonardo_heredia123@hotmail.com  {}
2024-02-12T09:24:59.456Z [31merror[39m    [Machines, createMachineController]  User:leonardo_heredia123@hotmail.com  {}
2024-02-12T09:26:03.007Z [31merror[39m    [Machines, createMachineController]  User:leonardo_heredia123@hotmail.com  {}
2024-02-12T09:27:24.043Z [31merror[39m    [Machines, createMachineController]  User:leonardo_heredia123@hotmail.com  {}
2024-02-12T09:28:23.582Z [31merror[39m    [Machines, createMachineController]  User:leonardo_heredia123@hotmail.com  {}
2024-02-12T09:28:56.112Z [31merror[39m    [Machines, createMachineController]  User:leonardo_heredia123@hotmail.com  {"errors":{"fileType":{"name":"ValidatorError","message":"the file type of the string is required","properties":{"message":"the file type of the string is required","type":"required","path":"fileType"},"kind":"required","path":"fileType"},"file":{"name":"ValidatorError","message":"The file path is required","properties":{"message":"The file path is required","type":"required","path":"file"},"kind":"required","path":"file"}},"_message":"Attachment validation failed","name":"ValidationError","message":"Attachment validation failed: fileType: the file type of the string is required, file: The file path is required"}
2024-02-12T09:59:54.508Z [31merror[39m    [Machines, createMachineController]  User:leonardo_heredia123@hotmail.com  {"index":0,"code":11000,"keyPattern":{"serial":1},"keyValue":{"serial":"123r"}}
2024-02-13T07:43:50.495Z [31merror[39m    [Users, updateUser]  User:leonardo_heredia123@hotmail.com  {"ok":0,"code":66,"codeName":"ImmutableField"}
2024-02-13T07:44:40.402Z [31merror[39m    [Users, updateUser]  User:leonardo_heredia123@hotmail.com  {"ok":0,"code":66,"codeName":"ImmutableField"}
2024-02-13T07:49:57.793Z [31merror[39m    [Users, updateUser]  User:leonardo_heredia123@hotmail.com  {}
2024-02-13T07:50:18.365Z [31merror[39m    [Users, updateUser]  User:leonardo_heredia123@hotmail.com  {}
2024-02-13T07:53:30.880Z [31merror[39m    [Users, updateUser]  User:leonardo_heredia123@hotmail.com  {}
2024-02-13T07:54:51.309Z [31merror[39m    [Machines, createMachineController]  User:leonardo_heredia123@hotmail.com  {}
2024-02-13T07:55:53.021Z [31merror[39m    [Machines, createMachineController]  User:leonardo_heredia123@hotmail.com  {}
2024-02-13T08:12:28.605Z [31merror[39m    [Machines, createMachineController]  User:leonardo_heredia123@hotmail.com  {}
2024-02-13T08:14:25.792Z [31merror[39m    [Machines, createMachineController]  User:leonardo_heredia123@hotmail.com  {}
2024-02-13T08:17:19.246Z [31merror[39m    [Machines, createMachineController]  User:leonardo_heredia123@hotmail.com  {}
2024-02-13T08:18:11.654Z [31merror[39m    [Machines, createMachineController]  User:leonardo_heredia123@hotmail.com  {}
2024-02-13T08:18:40.604Z [31merror[39m    [Machines, createMachineController]  User:leonardo_heredia123@hotmail.com  {}
2024-02-13T08:19:51.028Z [31merror[39m    [Machines, createMachineController]  User:leonardo_heredia123@hotmail.com  {}
2024-02-14T03:40:34.837Z [31merror[39m    (middlewares, jwtValidation) jwt expired {"name":"TokenExpiredError","message":"jwt expired","expiredAt":"2024-02-14T02:13:31.000Z"}
2024-02-14T03:40:34.851Z [31merror[39m    (middlewares, jwtValidation) jwt expired {"name":"TokenExpiredError","message":"jwt expired","expiredAt":"2024-02-14T02:13:31.000Z"}
2024-02-14T03:42:16.543Z [31merror[39m    (middlewares, jwtValidation) jwt expired {"name":"TokenExpiredError","message":"jwt expired","expiredAt":"2024-02-14T02:13:31.000Z"}
2024-02-14T03:42:16.545Z [31merror[39m    (middlewares, jwtValidation) jwt expired {"name":"TokenExpiredError","message":"jwt expired","expiredAt":"2024-02-14T02:13:31.000Z"}
2024-02-14T03:42:18.147Z [31merror[39m    (middlewares, jwtValidation) jwt expired {"name":"TokenExpiredError","message":"jwt expired","expiredAt":"2024-02-14T02:13:31.000Z"}
2024-02-14T03:42:18.156Z [31merror[39m    (middlewares, jwtValidation) jwt expired {"name":"TokenExpiredError","message":"jwt expired","expiredAt":"2024-02-14T02:13:31.000Z"}
2024-02-14T03:48:30.209Z [31merror[39m    (middlewares, jwtValidation) jwt expired {"name":"TokenExpiredError","message":"jwt expired","expiredAt":"2024-02-14T02:13:31.000Z"}
2024-02-14T03:48:30.211Z [31merror[39m    (middlewares, jwtValidation) jwt expired {"name":"TokenExpiredError","message":"jwt expired","expiredAt":"2024-02-14T02:13:31.000Z"}
2024-02-14T03:49:11.107Z [31merror[39m    (middlewares, jwtValidation) jwt expired {"name":"TokenExpiredError","message":"jwt expired","expiredAt":"2024-02-14T02:13:31.000Z"}
2024-02-14T03:49:11.110Z [31merror[39m    (middlewares, jwtValidation) jwt expired {"name":"TokenExpiredError","message":"jwt expired","expiredAt":"2024-02-14T02:13:31.000Z"}
2024-02-14T03:49:21.208Z [31merror[39m    (middlewares, jwtValidation) jwt expired {"name":"TokenExpiredError","message":"jwt expired","expiredAt":"2024-02-14T02:13:31.000Z"}
2024-02-14T03:49:22.977Z [31merror[39m    (middlewares, jwtValidation) jwt expired {"name":"TokenExpiredError","message":"jwt expired","expiredAt":"2024-02-14T02:13:31.000Z"}
2024-02-14T03:49:22.981Z [31merror[39m    (middlewares, jwtValidation) jwt expired {"name":"TokenExpiredError","message":"jwt expired","expiredAt":"2024-02-14T02:13:31.000Z"}
2024-02-14T20:32:04.220Z [31merror[39m    (middlewares, jwtValidation) jwt expired {"name":"TokenExpiredError","message":"jwt expired","expiredAt":"2024-02-14T07:49:41.000Z"}
2024-02-14T23:51:26.935Z [31merror[39m    [Machines, createMachineController]  User:leonardo_heredia123@hotmail.com  {"stringValue":"\"Invalid Date\"","valueType":"Date","kind":"date","value":null,"path":"last_calibration_date","reason":{"generatedMessage":true,"code":"ERR_ASSERTION","actual":false,"expected":true,"operator":"=="},"name":"CastError","message":"Cast to date failed for value \"Invalid Date\" (type Date) at path \"last_calibration_date\""}
2024-02-14T23:51:54.382Z [31merror[39m    [Machines, createMachineController]  User:leonardo_heredia123@hotmail.com  {"stringValue":"\"Invalid Date\"","valueType":"Date","kind":"date","value":null,"path":"last_calibration_date","reason":{"generatedMessage":true,"code":"ERR_ASSERTION","actual":false,"expected":true,"operator":"=="},"name":"CastError","message":"Cast to date failed for value \"Invalid Date\" (type Date) at path \"last_calibration_date\""}
2024-02-14T23:52:17.515Z [31merror[39m    [Machines, createMachineController]  User:leonardo_heredia123@hotmail.com  {"stringValue":"\"Invalid Date\"","valueType":"Date","kind":"date","value":null,"path":"last_calibration_date","reason":{"generatedMessage":true,"code":"ERR_ASSERTION","actual":false,"expected":true,"operator":"=="},"name":"CastError","message":"Cast to date failed for value \"Invalid Date\" (type Date) at path \"last_calibration_date\""}
2024-02-15T01:47:10.562Z [31merror[39m    [Users, getUserById]  User:leonardo_heredia123@hotmail.com  {"stringValue":"\"undefined\"","valueType":"string","kind":"ObjectId","value":"undefined","path":"_id","reason":{},"name":"CastError","message":"Cast to ObjectId failed for value \"undefined\" (type string) at path \"_id\" for model \"User\""}
2024-02-15T01:47:10.576Z [31merror[39m    [Users, getUserById]  User:leonardo_heredia123@hotmail.com  {"stringValue":"\"undefined\"","valueType":"string","kind":"ObjectId","value":"undefined","path":"_id","reason":{},"name":"CastError","message":"Cast to ObjectId failed for value \"undefined\" (type string) at path \"_id\" for model \"User\""}
2024-02-15T07:18:27.814Z [31merror[39m    [Machines, getMachineController]  User:leonardo_heredia123@hotmail.com  {"stringValue":"\"undefined\"","valueType":"string","kind":"ObjectId","value":"undefined","path":"_id","reason":{},"name":"CastError","message":"Cast to ObjectId failed for value \"undefined\" (type string) at path \"_id\" for model \"Calibration\""}
2024-02-15T07:18:27.822Z [31merror[39m    [Machines, getMachineController]  User:leonardo_heredia123@hotmail.com  {"stringValue":"\"undefined\"","valueType":"string","kind":"ObjectId","value":"undefined","path":"_id","reason":{},"name":"CastError","message":"Cast to ObjectId failed for value \"undefined\" (type string) at path \"_id\" for model \"Calibration\""}
2024-02-15T07:18:31.531Z [31merror[39m    [Machines, getMachineController]  User:leonardo_heredia123@hotmail.com  {"stringValue":"\"undefined\"","valueType":"string","kind":"ObjectId","value":"undefined","path":"_id","reason":{},"name":"CastError","message":"Cast to ObjectId failed for value \"undefined\" (type string) at path \"_id\" for model \"Calibration\""}
2024-02-15T07:18:31.538Z [31merror[39m    [Machines, getMachineController]  User:leonardo_heredia123@hotmail.com  {"stringValue":"\"undefined\"","valueType":"string","kind":"ObjectId","value":"undefined","path":"_id","reason":{},"name":"CastError","message":"Cast to ObjectId failed for value \"undefined\" (type string) at path \"_id\" for model \"Calibration\""}
2024-02-15T07:19:28.423Z [31merror[39m    [Machines, getMachineController]  User:leonardo_heredia123@hotmail.com  {"stringValue":"\"undefined\"","valueType":"string","kind":"ObjectId","value":"undefined","path":"_id","reason":{},"name":"CastError","message":"Cast to ObjectId failed for value \"undefined\" (type string) at path \"_id\" for model \"Calibration\""}
2024-02-15T07:19:28.430Z [31merror[39m    [Machines, getMachineController]  User:leonardo_heredia123@hotmail.com  {"stringValue":"\"undefined\"","valueType":"string","kind":"ObjectId","value":"undefined","path":"_id","reason":{},"name":"CastError","message":"Cast to ObjectId failed for value \"undefined\" (type string) at path \"_id\" for model \"Calibration\""}
2024-02-15T07:27:46.700Z [31merror[39m    [Machines, getMachineController]  User:leonardo_heredia123@hotmail.com  {"stringValue":"\"[object Object]\"","valueType":"string","kind":"ObjectId","value":"[object Object]","path":"_id","reason":{},"name":"CastError","message":"Cast to ObjectId failed for value \"[object Object]\" (type string) at path \"_id\" for model \"Calibration\""}
2024-02-15T07:27:46.706Z [31merror[39m    [Machines, getMachineController]  User:leonardo_heredia123@hotmail.com  {"stringValue":"\"[object Object]\"","valueType":"string","kind":"ObjectId","value":"[object Object]","path":"_id","reason":{},"name":"CastError","message":"Cast to ObjectId failed for value \"[object Object]\" (type string) at path \"_id\" for model \"Calibration\""}
2024-02-15T07:28:58.910Z [31merror[39m    (middlewares, jwtValidation) jwt expired {"name":"TokenExpiredError","message":"jwt expired","expiredAt":"2024-02-15T00:32:11.000Z"}
2024-02-15T07:29:12.347Z [31merror[39m    [Machines, getMachineController]  User:leonardo_heredia123@hotmail.com  {"stringValue":"\" \"","valueType":"string","kind":"ObjectId","value":" ","path":"_id","reason":{},"name":"CastError","message":"Cast to ObjectId failed for value \" \" (type string) at path \"_id\" for model \"Calibration\""}
2024-02-15T07:29:52.654Z [31merror[39m    [Machines, getMachineController]  User:leonardo_heredia123@hotmail.com  {"stringValue":"\"[object Object]\"","valueType":"string","kind":"ObjectId","value":"[object Object]","path":"_id","reason":{},"name":"CastError","message":"Cast to ObjectId failed for value \"[object Object]\" (type string) at path \"_id\" for model \"Calibration\""}
2024-02-15T07:29:52.661Z [31merror[39m    [Machines, getMachineController]  User:leonardo_heredia123@hotmail.com  {"stringValue":"\"[object Object]\"","valueType":"string","kind":"ObjectId","value":"[object Object]","path":"_id","reason":{},"name":"CastError","message":"Cast to ObjectId failed for value \"[object Object]\" (type string) at path \"_id\" for model \"Calibration\""}
2024-02-15T08:12:31.470Z [31merror[39m    [Machines, getMachineImage]  User:leonardo_heredia123@hotmail.com  {"stringValue":"\"[object Object]\"","valueType":"string","kind":"ObjectId","value":"[object Object]","path":"_id","reason":{},"name":"CastError","message":"Cast to ObjectId failed for value \"[object Object]\" (type string) at path \"_id\" for model \"Calibration\""}
2024-02-15T08:12:31.477Z [31merror[39m    [Machines, getMachineImage]  User:leonardo_heredia123@hotmail.com  {"stringValue":"\"[object Object]\"","valueType":"string","kind":"ObjectId","value":"[object Object]","path":"_id","reason":{},"name":"CastError","message":"Cast to ObjectId failed for value \"[object Object]\" (type string) at path \"_id\" for model \"Calibration\""}
2024-02-15T11:06:12.796Z [31merror[39m    [Machines, createMachineController]  User:leonardo_heredia123@hotmail.com  {"stringValue":"\"undefined\"","valueType":"string","kind":"ObjectId","value":"undefined","path":"_id","reason":{},"name":"CastError","message":"Cast to ObjectId failed for value \"undefined\" (type string) at path \"_id\" for model \"Calibration\""}
2024-02-15T11:06:12.811Z [31merror[39m    [Machines, getMachineController]  User:leonardo_heredia123@hotmail.com  {"stringValue":"\"undefined\"","valueType":"string","kind":"ObjectId","value":"undefined","path":"_id","reason":{},"name":"CastError","message":"Cast to ObjectId failed for value \"undefined\" (type string) at path \"_id\" for model \"Calibration\""}
2024-02-15T11:06:55.779Z [31merror[39m    [Machines, createMachineController]  User:leonardo_heredia123@hotmail.com  {"stringValue":"\"undefined\"","valueType":"string","kind":"ObjectId","value":"undefined","path":"_id","reason":{},"name":"CastError","message":"Cast to ObjectId failed for value \"undefined\" (type string) at path \"_id\" for model \"Calibration\""}
2024-02-15T11:06:55.794Z [31merror[39m    [Machines, getMachineController]  User:leonardo_heredia123@hotmail.com  {"stringValue":"\"undefined\"","valueType":"string","kind":"ObjectId","value":"undefined","path":"_id","reason":{},"name":"CastError","message":"Cast to ObjectId failed for value \"undefined\" (type string) at path \"_id\" for model \"Calibration\""}
2024-02-15T11:07:53.754Z [31merror[39m    [Machines, createMachineController]  User:leonardo_heredia123@hotmail.com  {"stringValue":"\"undefined\"","valueType":"string","kind":"ObjectId","value":"undefined","path":"_id","reason":{},"name":"CastError","message":"Cast to ObjectId failed for value \"undefined\" (type string) at path \"_id\" for model \"Calibration\""}
2024-02-15T11:07:53.767Z [31merror[39m    [Machines, getMachineController]  User:leonardo_heredia123@hotmail.com  {"stringValue":"\"undefined\"","valueType":"string","kind":"ObjectId","value":"undefined","path":"_id","reason":{},"name":"CastError","message":"Cast to ObjectId failed for value \"undefined\" (type string) at path \"_id\" for model \"Calibration\""}
2024-02-15T11:09:11.172Z [31merror[39m    [Machines, createMachineController]  User:leonardo_heredia123@hotmail.com  {}
2024-02-15T11:09:11.182Z [31merror[39m    [Machines, getMachineController]  User:leonardo_heredia123@hotmail.com  {"stringValue":"\"undefined\"","valueType":"string","kind":"ObjectId","value":"undefined","path":"_id","reason":{},"name":"CastError","message":"Cast to ObjectId failed for value \"undefined\" (type string) at path \"_id\" for model \"Calibration\""}
2024-02-15T11:10:08.562Z [31merror[39m    [Machines, createMachineController]  User:leonardo_heredia123@hotmail.com  {}
2024-02-15T11:10:26.011Z [31merror[39m    [Machines, createMachineController]  User:leonardo_heredia123@hotmail.com  {}
2024-02-15T11:11:28.858Z [31merror[39m    [Machines, createMachineController]  User:leonardo_heredia123@hotmail.com  {}
2024-02-15T11:12:56.549Z [31merror[39m    [Machines, createMachineController]  User:leonardo_heredia123@hotmail.com  {}
2024-02-15T19:09:39.181Z [31merror[39m    [Machines, createMachineController]  User:leonardo_heredia123@hotmail.com  {}
2024-02-15T19:09:39.193Z [31merror[39m    [Machines, getMachineController]  User:leonardo_heredia123@hotmail.com  {"stringValue":"\"undefined\"","valueType":"string","kind":"ObjectId","value":"undefined","path":"_id","reason":{},"name":"CastError","message":"Cast to ObjectId failed for value \"undefined\" (type string) at path \"_id\" for model \"Calibration\""}
2024-02-15T19:15:55.438Z [31merror[39m    [Machines, createMachineController]  User:leonardo_heredia123@hotmail.com  {}
2024-02-15T19:15:55.445Z [31merror[39m    [Machines, getMachineController]  User:leonardo_heredia123@hotmail.com  {"stringValue":"\"undefined\"","valueType":"string","kind":"ObjectId","value":"undefined","path":"_id","reason":{},"name":"CastError","message":"Cast to ObjectId failed for value \"undefined\" (type string) at path \"_id\" for model \"Calibration\""}
2024-02-15T19:18:11.380Z [31merror[39m    [Machines, createMachineController]  User:leonardo_heredia123@hotmail.com  {}
2024-02-15T19:18:11.387Z [31merror[39m    [Machines, getMachineController]  User:leonardo_heredia123@hotmail.com  {"stringValue":"\"undefined\"","valueType":"string","kind":"ObjectId","value":"undefined","path":"_id","reason":{},"name":"CastError","message":"Cast to ObjectId failed for value \"undefined\" (type string) at path \"_id\" for model \"Calibration\""}
2024-02-15T19:21:01.685Z [31merror[39m    [Machines, createMachineController]  User:leonardo_heredia123@hotmail.com  {"stringValue":"\"undefined\"","valueType":"string","kind":"ObjectId","value":"undefined","path":"_id","reason":{},"name":"CastError","message":"Cast to ObjectId failed for value \"undefined\" (type string) at path \"_id\" for model \"Calibration\""}
2024-02-15T19:21:01.697Z [31merror[39m    [Machines, getMachineController]  User:leonardo_heredia123@hotmail.com  {"stringValue":"\"undefined\"","valueType":"string","kind":"ObjectId","value":"undefined","path":"_id","reason":{},"name":"CastError","message":"Cast to ObjectId failed for value \"undefined\" (type string) at path \"_id\" for model \"Calibration\""}
2024-02-15T19:23:05.946Z [31merror[39m    [Machines, createMachineController]  User:leonardo_heredia123@hotmail.com  {"stringValue":"\"undefined\"","valueType":"string","kind":"ObjectId","value":"undefined","path":"_id","reason":{},"name":"CastError","message":"Cast to ObjectId failed for value \"undefined\" (type string) at path \"_id\" for model \"Calibration\""}
2024-02-15T19:23:05.953Z [31merror[39m    [Machines, getMachineController]  User:leonardo_heredia123@hotmail.com  {"stringValue":"\"undefined\"","valueType":"string","kind":"ObjectId","value":"undefined","path":"_id","reason":{},"name":"CastError","message":"Cast to ObjectId failed for value \"undefined\" (type string) at path \"_id\" for model \"Calibration\""}
2024-02-15T19:23:08.666Z [31merror[39m    [Machines, createMachineController]  User:leonardo_heredia123@hotmail.com  {"stringValue":"\"undefined\"","valueType":"string","kind":"ObjectId","value":"undefined","path":"_id","reason":{},"name":"CastError","message":"Cast to ObjectId failed for value \"undefined\" (type string) at path \"_id\" for model \"Calibration\""}
2024-02-15T19:23:08.672Z [31merror[39m    [Machines, getMachineController]  User:leonardo_heredia123@hotmail.com  {"stringValue":"\"undefined\"","valueType":"string","kind":"ObjectId","value":"undefined","path":"_id","reason":{},"name":"CastError","message":"Cast to ObjectId failed for value \"undefined\" (type string) at path \"_id\" for model \"Calibration\""}
2024-02-15T19:23:21.985Z [31merror[39m    [Machines, createMachineController]  User:leonardo_heredia123@hotmail.com  {"stringValue":"\"undefined\"","valueType":"string","kind":"ObjectId","value":"undefined","path":"_id","reason":{},"name":"CastError","message":"Cast to ObjectId failed for value \"undefined\" (type string) at path \"_id\" for model \"Calibration\""}
2024-02-15T19:23:21.993Z [31merror[39m    [Machines, getMachineController]  User:leonardo_heredia123@hotmail.com  {"stringValue":"\"undefined\"","valueType":"string","kind":"ObjectId","value":"undefined","path":"_id","reason":{},"name":"CastError","message":"Cast to ObjectId failed for value \"undefined\" (type string) at path \"_id\" for model \"Calibration\""}
2024-02-15T19:23:23.193Z [31merror[39m    [Machines, createMachineController]  User:leonardo_heredia123@hotmail.com  {"stringValue":"\"undefined\"","valueType":"string","kind":"ObjectId","value":"undefined","path":"_id","reason":{},"name":"CastError","message":"Cast to ObjectId failed for value \"undefined\" (type string) at path \"_id\" for model \"Calibration\""}
2024-02-15T19:23:23.199Z [31merror[39m    [Machines, getMachineController]  User:leonardo_heredia123@hotmail.com  {"stringValue":"\"undefined\"","valueType":"string","kind":"ObjectId","value":"undefined","path":"_id","reason":{},"name":"CastError","message":"Cast to ObjectId failed for value \"undefined\" (type string) at path \"_id\" for model \"Calibration\""}
2024-02-15T19:23:36.703Z [31merror[39m    [Machines, createMachineController]  User:leonardo_heredia123@hotmail.com  {"stringValue":"\"undefined\"","valueType":"string","kind":"ObjectId","value":"undefined","path":"_id","reason":{},"name":"CastError","message":"Cast to ObjectId failed for value \"undefined\" (type string) at path \"_id\" for model \"Calibration\""}
2024-02-15T19:23:36.710Z [31merror[39m    [Machines, getMachineController]  User:leonardo_heredia123@hotmail.com  {"stringValue":"\"undefined\"","valueType":"string","kind":"ObjectId","value":"undefined","path":"_id","reason":{},"name":"CastError","message":"Cast to ObjectId failed for value \"undefined\" (type string) at path \"_id\" for model \"Calibration\""}
2024-02-15T19:24:43.646Z [31merror[39m    [Machines, createMachineController]  User:leonardo_heredia123@hotmail.com  {}
2024-02-15T19:24:43.654Z [31merror[39m    [Machines, getMachineController]  User:leonardo_heredia123@hotmail.com  {"stringValue":"\"undefined\"","valueType":"string","kind":"ObjectId","value":"undefined","path":"_id","reason":{},"name":"CastError","message":"Cast to ObjectId failed for value \"undefined\" (type string) at path \"_id\" for model \"Calibration\""}
2024-02-15T19:25:04.988Z [31merror[39m    (middlewares, jwtValidation) jwt expired {"name":"TokenExpiredError","message":"jwt expired","expiredAt":"2024-02-15T11:29:06.000Z"}
2024-02-15T19:25:06.834Z [31merror[39m    (middlewares, jwtValidation) jwt expired {"name":"TokenExpiredError","message":"jwt expired","expiredAt":"2024-02-15T11:29:06.000Z"}
2024-02-15T19:33:01.938Z [31merror[39m    [Machines, createMachineController]  User:leonardo_heredia123@hotmail.com  {}
2024-02-15T19:33:01.946Z [31merror[39m    [Machines, getMachineController]  User:leonardo_heredia123@hotmail.com  {"stringValue":"\"undefined\"","valueType":"string","kind":"ObjectId","value":"undefined","path":"_id","reason":{},"name":"CastError","message":"Cast to ObjectId failed for value \"undefined\" (type string) at path \"_id\" for model \"Calibration\""}
2024-02-15T19:33:38.794Z [31merror[39m    [Machines, createMachineController]  User:leonardo_heredia123@hotmail.com  {"stringValue":"\"undefined\"","valueType":"string","kind":"ObjectId","value":"undefined","path":"_id","reason":{},"name":"CastError","message":"Cast to ObjectId failed for value \"undefined\" (type string) at path \"_id\" for model \"Calibration\""}
2024-02-15T19:33:38.805Z [31merror[39m    [Machines, getMachineController]  User:leonardo_heredia123@hotmail.com  {"stringValue":"\"undefined\"","valueType":"string","kind":"ObjectId","value":"undefined","path":"_id","reason":{},"name":"CastError","message":"Cast to ObjectId failed for value \"undefined\" (type string) at path \"_id\" for model \"Calibration\""}
2024-02-15T19:38:51.002Z [31merror[39m    [Machines, createMachineController]  User:leonardo_heredia123@hotmail.com  {}
2024-02-15T19:38:51.010Z [31merror[39m    [Machines, getMachineController]  User:leonardo_heredia123@hotmail.com  {"stringValue":"\"undefined\"","valueType":"string","kind":"ObjectId","value":"undefined","path":"_id","reason":{},"name":"CastError","message":"Cast to ObjectId failed for value \"undefined\" (type string) at path \"_id\" for model \"Calibration\""}
2024-02-17T07:23:19.625Z [31merror[39m    [Machines, createMachineController]  User:leonardo_heredia123@hotmail.com  {}
2024-02-17T07:23:19.635Z [31merror[39m    [Machines, getMachineController]  User:leonardo_heredia123@hotmail.com  {"stringValue":"\"undefined\"","valueType":"string","kind":"ObjectId","value":"undefined","path":"_id","reason":{},"name":"CastError","message":"Cast to ObjectId failed for value \"undefined\" (type string) at path \"_id\" for model \"Calibration\""}
2024-02-17T07:30:47.032Z [31merror[39m    [Machines, createMachineController]  User:leonardo_heredia123@hotmail.com  {}
2024-02-17T07:30:47.040Z [31merror[39m    [Machines, getMachineController]  User:leonardo_heredia123@hotmail.com  {"stringValue":"\"undefined\"","valueType":"string","kind":"ObjectId","value":"undefined","path":"_id","reason":{},"name":"CastError","message":"Cast to ObjectId failed for value \"undefined\" (type string) at path \"_id\" for model \"Calibration\""}
2024-02-17T07:34:01.122Z [31merror[39m    [Machines, createMachineController]  User:leonardo_heredia123@hotmail.com  {"stringValue":"\"undefined\"","valueType":"string","kind":"ObjectId","value":"undefined","path":"_id","reason":{},"name":"CastError","message":"Cast to ObjectId failed for value \"undefined\" (type string) at path \"_id\" for model \"Calibration\""}
2024-02-17T07:34:01.130Z [31merror[39m    [Machines, getMachineController]  User:leonardo_heredia123@hotmail.com  {"stringValue":"\"undefined\"","valueType":"string","kind":"ObjectId","value":"undefined","path":"_id","reason":{},"name":"CastError","message":"Cast to ObjectId failed for value \"undefined\" (type string) at path \"_id\" for model \"Calibration\""}
2024-02-17T07:34:42.726Z [31merror[39m    [Machines, createMachineController]  User:leonardo_heredia123@hotmail.com  {"stringValue":"\"undefined\"","valueType":"string","kind":"ObjectId","value":"undefined","path":"_id","reason":{},"name":"CastError","message":"Cast to ObjectId failed for value \"undefined\" (type string) at path \"_id\" for model \"Calibration\""}
2024-02-17T07:34:42.736Z [31merror[39m    [Machines, getMachineController]  User:leonardo_heredia123@hotmail.com  {"stringValue":"\"undefined\"","valueType":"string","kind":"ObjectId","value":"undefined","path":"_id","reason":{},"name":"CastError","message":"Cast to ObjectId failed for value \"undefined\" (type string) at path \"_id\" for model \"Calibration\""}
2024-02-17T07:35:47.406Z [31merror[39m    [Machines, createMachineController]  User:leonardo_heredia123@hotmail.com  {"stringValue":"\"undefined\"","valueType":"string","kind":"ObjectId","value":"undefined","path":"_id","reason":{},"name":"CastError","message":"Cast to ObjectId failed for value \"undefined\" (type string) at path \"_id\" for model \"Calibration\""}
2024-02-17T07:35:47.418Z [31merror[39m    [Machines, getMachineController]  User:leonardo_heredia123@hotmail.com  {"stringValue":"\"undefined\"","valueType":"string","kind":"ObjectId","value":"undefined","path":"_id","reason":{},"name":"CastError","message":"Cast to ObjectId failed for value \"undefined\" (type string) at path \"_id\" for model \"Calibration\""}
2024-02-17T07:37:41.107Z [31merror[39m    [Machines, createMachineController]  User:leonardo_heredia123@hotmail.com  {"stringValue":"\"undefined\"","valueType":"string","kind":"ObjectId","value":"undefined","path":"_id","reason":{},"name":"CastError","message":"Cast to ObjectId failed for value \"undefined\" (type string) at path \"_id\" for model \"Calibration\""}
2024-02-17T07:37:41.115Z [31merror[39m    [Machines, getMachineController]  User:leonardo_heredia123@hotmail.com  {"stringValue":"\"undefined\"","valueType":"string","kind":"ObjectId","value":"undefined","path":"_id","reason":{},"name":"CastError","message":"Cast to ObjectId failed for value \"undefined\" (type string) at path \"_id\" for model \"Calibration\""}
2024-02-17T07:38:12.269Z [31merror[39m    [Machines, createMachineController]  User:leonardo_heredia123@hotmail.com  {"stringValue":"\"undefined\"","valueType":"string","kind":"ObjectId","value":"undefined","path":"_id","reason":{},"name":"CastError","message":"Cast to ObjectId failed for value \"undefined\" (type string) at path \"_id\" for model \"Calibration\""}
2024-02-17T07:38:12.278Z [31merror[39m    [Machines, getMachineController]  User:leonardo_heredia123@hotmail.com  {"stringValue":"\"undefined\"","valueType":"string","kind":"ObjectId","value":"undefined","path":"_id","reason":{},"name":"CastError","message":"Cast to ObjectId failed for value \"undefined\" (type string) at path \"_id\" for model \"Calibration\""}
2024-02-17T07:38:29.094Z [31merror[39m    [Machines, createMachineController]  User:leonardo_heredia123@hotmail.com  {}
2024-02-17T07:38:29.102Z [31merror[39m    [Machines, getMachineController]  User:leonardo_heredia123@hotmail.com  {"stringValue":"\"undefined\"","valueType":"string","kind":"ObjectId","value":"undefined","path":"_id","reason":{},"name":"CastError","message":"Cast to ObjectId failed for value \"undefined\" (type string) at path \"_id\" for model \"Calibration\""}
2024-02-17T07:38:43.932Z [31merror[39m    [Machines, createMachineController]  User:leonardo_heredia123@hotmail.com  {}
2024-02-17T07:38:43.940Z [31merror[39m    [Machines, getMachineController]  User:leonardo_heredia123@hotmail.com  {"stringValue":"\"undefined\"","valueType":"string","kind":"ObjectId","value":"undefined","path":"_id","reason":{},"name":"CastError","message":"Cast to ObjectId failed for value \"undefined\" (type string) at path \"_id\" for model \"Calibration\""}
2024-02-17T07:38:49.927Z [31merror[39m    [Machines, createMachineController]  User:leonardo_heredia123@hotmail.com  {}
2024-02-17T07:38:49.937Z [31merror[39m    [Machines, getMachineController]  User:leonardo_heredia123@hotmail.com  {"stringValue":"\"undefined\"","valueType":"string","kind":"ObjectId","value":"undefined","path":"_id","reason":{},"name":"CastError","message":"Cast to ObjectId failed for value \"undefined\" (type string) at path \"_id\" for model \"Calibration\""}
2024-02-17T07:39:18.933Z [31merror[39m    [Machines, createMachineController]  User:leonardo_heredia123@hotmail.com  {}
2024-02-17T07:39:18.941Z [31merror[39m    [Machines, getMachineController]  User:leonardo_heredia123@hotmail.com  {"stringValue":"\"undefined\"","valueType":"string","kind":"ObjectId","value":"undefined","path":"_id","reason":{},"name":"CastError","message":"Cast to ObjectId failed for value \"undefined\" (type string) at path \"_id\" for model \"Calibration\""}
2024-02-17T07:39:44.979Z [31merror[39m    [Machines, createMachineController]  User:leonardo_heredia123@hotmail.com  {}
2024-02-17T07:39:44.987Z [31merror[39m    [Machines, getMachineController]  User:leonardo_heredia123@hotmail.com  {"stringValue":"\"undefined\"","valueType":"string","kind":"ObjectId","value":"undefined","path":"_id","reason":{},"name":"CastError","message":"Cast to ObjectId failed for value \"undefined\" (type string) at path \"_id\" for model \"Calibration\""}
2024-02-17T07:42:50.205Z [31merror[39m    [Machines, createMachineController]  User:leonardo_heredia123@hotmail.com  {}
2024-02-17T07:42:50.213Z [31merror[39m    [Machines, getMachineController]  User:leonardo_heredia123@hotmail.com  {"stringValue":"\"undefined\"","valueType":"string","kind":"ObjectId","value":"undefined","path":"_id","reason":{},"name":"CastError","message":"Cast to ObjectId failed for value \"undefined\" (type string) at path \"_id\" for model \"Calibration\""}
2024-02-17T07:44:50.127Z [31merror[39m    [Machines, createMachineController]  User:leonardo_heredia123@hotmail.com  {}
2024-02-17T07:44:50.135Z [31merror[39m    [Machines, getMachineController]  User:leonardo_heredia123@hotmail.com  {"stringValue":"\"undefined\"","valueType":"string","kind":"ObjectId","value":"undefined","path":"_id","reason":{},"name":"CastError","message":"Cast to ObjectId failed for value \"undefined\" (type string) at path \"_id\" for model \"Calibration\""}
2024-02-17T07:45:54.221Z [31merror[39m    [Machines, createMachineController]  User:leonardo_heredia123@hotmail.com  {}
2024-02-17T07:45:56.665Z [31merror[39m    [Machines, createMachineController]  User:leonardo_heredia123@hotmail.com  {}
2024-02-17T07:46:14.307Z [31merror[39m    [Machines, createMachineController]  User:leonardo_heredia123@hotmail.com  {}
2024-02-17T07:46:14.314Z [31merror[39m    [Machines, getMachineController]  User:leonardo_heredia123@hotmail.com  {"stringValue":"\"undefined\"","valueType":"string","kind":"ObjectId","value":"undefined","path":"_id","reason":{},"name":"CastError","message":"Cast to ObjectId failed for value \"undefined\" (type string) at path \"_id\" for model \"Calibration\""}
2024-02-17T07:46:45.677Z [31merror[39m    [Machines, createMachineController]  User:leonardo_heredia123@hotmail.com  {}
2024-02-17T07:47:14.333Z [31merror[39m    [Machines, createMachineController]  User:leonardo_heredia123@hotmail.com  {}
2024-02-17T07:57:32.875Z [31merror[39m    [Machines, createMachineController]  User:leonardo_heredia123@hotmail.com  {}
2024-02-17T07:57:32.883Z [31merror[39m    [Machines, getMachineController]  User:leonardo_heredia123@hotmail.com  {"stringValue":"\"undefined\"","valueType":"string","kind":"ObjectId","value":"undefined","path":"_id","reason":{},"name":"CastError","message":"Cast to ObjectId failed for value \"undefined\" (type string) at path \"_id\" for model \"Calibration\""}
2024-02-17T07:57:44.168Z [31merror[39m    [Machines, createMachineController]  User:leonardo_heredia123@hotmail.com  {}
2024-02-17T08:00:16.260Z [31merror[39m    [Machines, createMachineController]  User:leonardo_heredia123@hotmail.com  {}
2024-02-17T08:00:16.268Z [31merror[39m    [Machines, getMachineController]  User:leonardo_heredia123@hotmail.com  {"stringValue":"\"undefined\"","valueType":"string","kind":"ObjectId","value":"undefined","path":"_id","reason":{},"name":"CastError","message":"Cast to ObjectId failed for value \"undefined\" (type string) at path \"_id\" for model \"Calibration\""}
2024-02-17T08:00:36.152Z [31merror[39m    [Machines, createMachineController]  User:leonardo_heredia123@hotmail.com  {}
2024-02-17T08:02:36.495Z [31merror[39m    [Machines, createMachineController]  User:leonardo_heredia123@hotmail.com  {}
2024-02-17T08:03:57.592Z [31merror[39m    [Machines, createMachineController]  User:leonardo_heredia123@hotmail.com  {}
2024-02-17T08:04:35.661Z [31merror[39m    [Machines, createMachineController]  User:leonardo_heredia123@hotmail.com  {}
2024-02-17T08:08:16.942Z [31merror[39m    [Machines, createMachineController]  User:leonardo_heredia123@hotmail.com  {}
2024-02-17T08:09:36.315Z [31merror[39m    [Machines, createMachineController]  User:leonardo_heredia123@hotmail.com  {}
2024-02-17T08:10:45.196Z [31merror[39m    [Machines, updateMachineController]  User:leonardo_heredia123@hotmail.com  {}
2024-02-17T08:11:39.038Z [31merror[39m    [Machines, updateMachineController]  User:leonardo_heredia123@hotmail.com  {}
2024-02-17T08:18:06.821Z [31merror[39m    (middlewares, jwtValidation) jwt expired {"name":"TokenExpiredError","message":"jwt expired","expiredAt":"2024-02-15T23:25:09.000Z"}
2024-02-17T09:48:48.424Z [31merror[39m    [Machines, updateMachineController]  User:leonardo_heredia123@hotmail.com  {}
2024-02-17T09:50:25.800Z [31merror[39m    [Machines, updateMachineController]  User:leonardo_heredia123@hotmail.com  {}
2024-02-19T06:54:29.756Z [31merror[39m    [Users, getUserById]  User:leonardo_heredia123@hotmail.com  {"stringValue":"\"undefined\"","valueType":"string","kind":"ObjectId","value":"undefined","path":"_id","reason":{},"name":"CastError","message":"Cast to ObjectId failed for value \"undefined\" (type string) at path \"_id\" for model \"User\""}
2024-02-19T06:54:29.763Z [31merror[39m    [Users, getUserById]  User:leonardo_heredia123@hotmail.com  {"stringValue":"\"undefined\"","valueType":"string","kind":"ObjectId","value":"undefined","path":"_id","reason":{},"name":"CastError","message":"Cast to ObjectId failed for value \"undefined\" (type string) at path \"_id\" for model \"User\""}
2024-02-19T06:54:49.134Z [31merror[39m    [Users, getUserById]  User:leonardo_heredia123@hotmail.com  {"stringValue":"\"undefined\"","valueType":"string","kind":"ObjectId","value":"undefined","path":"_id","reason":{},"name":"CastError","message":"Cast to ObjectId failed for value \"undefined\" (type string) at path \"_id\" for model \"User\""}
2024-02-19T06:54:49.146Z [31merror[39m    [Users, getUserById]  User:leonardo_heredia123@hotmail.com  {"stringValue":"\"undefined\"","valueType":"string","kind":"ObjectId","value":"undefined","path":"_id","reason":{},"name":"CastError","message":"Cast to ObjectId failed for value \"undefined\" (type string) at path \"_id\" for model \"User\""}
2024-02-19T06:54:56.459Z [31merror[39m    [Users, getUserById]  User:leonardo_heredia123@hotmail.com  {"stringValue":"\"undefined\"","valueType":"string","kind":"ObjectId","value":"undefined","path":"_id","reason":{},"name":"CastError","message":"Cast to ObjectId failed for value \"undefined\" (type string) at path \"_id\" for model \"User\""}
2024-02-19T06:54:56.469Z [31merror[39m    [Users, getUserById]  User:leonardo_heredia123@hotmail.com  {"stringValue":"\"undefined\"","valueType":"string","kind":"ObjectId","value":"undefined","path":"_id","reason":{},"name":"CastError","message":"Cast to ObjectId failed for value \"undefined\" (type string) at path \"_id\" for model \"User\""}
2024-02-19T06:55:05.461Z [31merror[39m    [Users, getUserById]  User:leonardo_heredia123@hotmail.com  {"stringValue":"\"undefined\"","valueType":"string","kind":"ObjectId","value":"undefined","path":"_id","reason":{},"name":"CastError","message":"Cast to ObjectId failed for value \"undefined\" (type string) at path \"_id\" for model \"User\""}
2024-02-19T06:55:05.472Z [31merror[39m    [Users, getUserById]  User:leonardo_heredia123@hotmail.com  {"stringValue":"\"undefined\"","valueType":"string","kind":"ObjectId","value":"undefined","path":"_id","reason":{},"name":"CastError","message":"Cast to ObjectId failed for value \"undefined\" (type string) at path \"_id\" for model \"User\""}
2024-02-19T06:55:45.334Z [31merror[39m    [Users, getUserById]  User:leonardo_heredia123@hotmail.com  {"stringValue":"\"undefined\"","valueType":"string","kind":"ObjectId","value":"undefined","path":"_id","reason":{},"name":"CastError","message":"Cast to ObjectId failed for value \"undefined\" (type string) at path \"_id\" for model \"User\""}
2024-02-19T06:55:45.347Z [31merror[39m    [Users, getUserById]  User:leonardo_heredia123@hotmail.com  {"stringValue":"\"undefined\"","valueType":"string","kind":"ObjectId","value":"undefined","path":"_id","reason":{},"name":"CastError","message":"Cast to ObjectId failed for value \"undefined\" (type string) at path \"_id\" for model \"User\""}
2024-02-19T10:04:15.356Z [31merror[39m    [Users, getUserById]  User:leonardo_heredia123@hotmail.com  {"stringValue":"\"undefined\"","valueType":"string","kind":"ObjectId","value":"undefined","path":"_id","reason":{},"name":"CastError","message":"Cast to ObjectId failed for value \"undefined\" (type string) at path \"_id\" for model \"User\""}
2024-02-19T10:04:15.362Z [31merror[39m    [Users, getUserById]  User:leonardo_heredia123@hotmail.com  {"stringValue":"\"undefined\"","valueType":"string","kind":"ObjectId","value":"undefined","path":"_id","reason":{},"name":"CastError","message":"Cast to ObjectId failed for value \"undefined\" (type string) at path \"_id\" for model \"User\""}
2024-02-19T10:04:20.168Z [31merror[39m    [Users, getUserById]  User:leonardo_heredia123@hotmail.com  {"stringValue":"\"undefined\"","valueType":"string","kind":"ObjectId","value":"undefined","path":"_id","reason":{},"name":"CastError","message":"Cast to ObjectId failed for value \"undefined\" (type string) at path \"_id\" for model \"User\""}
2024-02-19T10:04:20.178Z [31merror[39m    [Users, getUserById]  User:leonardo_heredia123@hotmail.com  {"stringValue":"\"undefined\"","valueType":"string","kind":"ObjectId","value":"undefined","path":"_id","reason":{},"name":"CastError","message":"Cast to ObjectId failed for value \"undefined\" (type string) at path \"_id\" for model \"User\""}
2024-02-19T10:04:33.600Z [31merror[39m    [Users, getUserById]  User:leonardo_heredia123@hotmail.com  {"stringValue":"\"undefined\"","valueType":"string","kind":"ObjectId","value":"undefined","path":"_id","reason":{},"name":"CastError","message":"Cast to ObjectId failed for value \"undefined\" (type string) at path \"_id\" for model \"User\""}
2024-02-19T10:04:33.611Z [31merror[39m    [Users, getUserById]  User:leonardo_heredia123@hotmail.com  {"stringValue":"\"undefined\"","valueType":"string","kind":"ObjectId","value":"undefined","path":"_id","reason":{},"name":"CastError","message":"Cast to ObjectId failed for value \"undefined\" (type string) at path \"_id\" for model \"User\""}
2024-02-19T10:04:53.853Z [31merror[39m    [Users, getUserById]  User:leonardo_heredia123@hotmail.com  {"stringValue":"\"undefined\"","valueType":"string","kind":"ObjectId","value":"undefined","path":"_id","reason":{},"name":"CastError","message":"Cast to ObjectId failed for value \"undefined\" (type string) at path \"_id\" for model \"User\""}
2024-02-19T10:04:53.862Z [31merror[39m    [Users, getUserById]  User:leonardo_heredia123@hotmail.com  {"stringValue":"\"undefined\"","valueType":"string","kind":"ObjectId","value":"undefined","path":"_id","reason":{},"name":"CastError","message":"Cast to ObjectId failed for value \"undefined\" (type string) at path \"_id\" for model \"User\""}
2024-02-19T10:05:09.874Z [31merror[39m    [Users, getUserById]  User:leonardo_heredia123@hotmail.com  {"stringValue":"\"undefined\"","valueType":"string","kind":"ObjectId","value":"undefined","path":"_id","reason":{},"name":"CastError","message":"Cast to ObjectId failed for value \"undefined\" (type string) at path \"_id\" for model \"User\""}
2024-02-19T10:05:09.886Z [31merror[39m    [Users, getUserById]  User:leonardo_heredia123@hotmail.com  {"stringValue":"\"undefined\"","valueType":"string","kind":"ObjectId","value":"undefined","path":"_id","reason":{},"name":"CastError","message":"Cast to ObjectId failed for value \"undefined\" (type string) at path \"_id\" for model \"User\""}
2024-02-19T20:05:06.592Z [31merror[39m    [Users, getUserById]  User:leonardo_heredia123@hotmail.com  {"stringValue":"\"undefined\"","valueType":"string","kind":"ObjectId","value":"undefined","path":"_id","reason":{},"name":"CastError","message":"Cast to ObjectId failed for value \"undefined\" (type string) at path \"_id\" for model \"User\""}
2024-02-19T20:05:06.599Z [31merror[39m    [Users, getUserById]  User:leonardo_heredia123@hotmail.com  {"stringValue":"\"undefined\"","valueType":"string","kind":"ObjectId","value":"undefined","path":"_id","reason":{},"name":"CastError","message":"Cast to ObjectId failed for value \"undefined\" (type string) at path \"_id\" for model \"User\""}
2024-02-19T20:05:20.715Z [31merror[39m    [Users, getUserById]  User:leonardo_heredia123@hotmail.com  {"stringValue":"\"undefined\"","valueType":"string","kind":"ObjectId","value":"undefined","path":"_id","reason":{},"name":"CastError","message":"Cast to ObjectId failed for value \"undefined\" (type string) at path \"_id\" for model \"User\""}
2024-02-19T20:05:20.727Z [31merror[39m    [Users, getUserById]  User:leonardo_heredia123@hotmail.com  {"stringValue":"\"undefined\"","valueType":"string","kind":"ObjectId","value":"undefined","path":"_id","reason":{},"name":"CastError","message":"Cast to ObjectId failed for value \"undefined\" (type string) at path \"_id\" for model \"User\""}
2024-02-19T20:05:49.456Z [31merror[39m    [Users, getUserById]  User:leonardo_heredia123@hotmail.com  {"stringValue":"\"undefined\"","valueType":"string","kind":"ObjectId","value":"undefined","path":"_id","reason":{},"name":"CastError","message":"Cast to ObjectId failed for value \"undefined\" (type string) at path \"_id\" for model \"User\""}
2024-02-19T20:05:49.464Z [31merror[39m    [Users, getUserById]  User:leonardo_heredia123@hotmail.com  {"stringValue":"\"undefined\"","valueType":"string","kind":"ObjectId","value":"undefined","path":"_id","reason":{},"name":"CastError","message":"Cast to ObjectId failed for value \"undefined\" (type string) at path \"_id\" for model \"User\""}
2024-02-19T20:08:22.577Z [31merror[39m    [Users, getUserById]  User:leonardo_heredia123@hotmail.com  {"stringValue":"\"undefined\"","valueType":"string","kind":"ObjectId","value":"undefined","path":"_id","reason":{},"name":"CastError","message":"Cast to ObjectId failed for value \"undefined\" (type string) at path \"_id\" for model \"User\""}
2024-02-19T20:08:22.593Z [31merror[39m    [Users, getUserById]  User:leonardo_heredia123@hotmail.com  {"stringValue":"\"undefined\"","valueType":"string","kind":"ObjectId","value":"undefined","path":"_id","reason":{},"name":"CastError","message":"Cast to ObjectId failed for value \"undefined\" (type string) at path \"_id\" for model \"User\""}
2024-02-19T20:09:10.687Z [31merror[39m    [Users, getUserById]  User:leonardo_heredia123@hotmail.com  {"stringValue":"\"undefined\"","valueType":"string","kind":"ObjectId","value":"undefined","path":"_id","reason":{},"name":"CastError","message":"Cast to ObjectId failed for value \"undefined\" (type string) at path \"_id\" for model \"User\""}
2024-02-19T20:09:10.694Z [31merror[39m    [Users, getUserById]  User:leonardo_heredia123@hotmail.com  {"stringValue":"\"undefined\"","valueType":"string","kind":"ObjectId","value":"undefined","path":"_id","reason":{},"name":"CastError","message":"Cast to ObjectId failed for value \"undefined\" (type string) at path \"_id\" for model \"User\""}
2024-02-19T20:13:25.960Z [31merror[39m    [Users, getUserById]  User:leonardo_heredia123@hotmail.com  {"stringValue":"\"undefined\"","valueType":"string","kind":"ObjectId","value":"undefined","path":"_id","reason":{},"name":"CastError","message":"Cast to ObjectId failed for value \"undefined\" (type string) at path \"_id\" for model \"User\""}
2024-02-19T20:13:25.971Z [31merror[39m    [Users, getUserById]  User:leonardo_heredia123@hotmail.com  {"stringValue":"\"undefined\"","valueType":"string","kind":"ObjectId","value":"undefined","path":"_id","reason":{},"name":"CastError","message":"Cast to ObjectId failed for value \"undefined\" (type string) at path \"_id\" for model \"User\""}
2024-02-19T20:13:30.165Z [31merror[39m    [Users, getUserById]  User:leonardo_heredia123@hotmail.com  {"stringValue":"\"undefined\"","valueType":"string","kind":"ObjectId","value":"undefined","path":"_id","reason":{},"name":"CastError","message":"Cast to ObjectId failed for value \"undefined\" (type string) at path \"_id\" for model \"User\""}
2024-02-19T20:13:30.172Z [31merror[39m    [Users, getUserById]  User:leonardo_heredia123@hotmail.com  {"stringValue":"\"undefined\"","valueType":"string","kind":"ObjectId","value":"undefined","path":"_id","reason":{},"name":"CastError","message":"Cast to ObjectId failed for value \"undefined\" (type string) at path \"_id\" for model \"User\""}
2024-02-19T20:36:01.006Z [31merror[39m    [Machines, createMachineController]  User:leonardo_heredia123@hotmail.com  {"errors":{"liga_certificado":{"name":"ValidatorError","message":"La liga del certificado es obligatoria","properties":{"message":"La liga del certificado es obligatoria","type":"required","path":"liga_certificado"},"kind":"required","path":"liga_certificado"}},"_message":"Calibration validation failed","name":"ValidationError","message":"Calibration validation failed: liga_certificado: La liga del certificado es obligatoria"}
2024-02-19T20:37:25.731Z [31merror[39m    [Machines, createMachineController]  User:leonardo_heredia123@hotmail.com  {"errors":{"liga_certificado":{"name":"ValidatorError","message":"La liga del certificado es obligatoria","properties":{"message":"La liga del certificado es obligatoria","type":"required","path":"liga_certificado"},"kind":"required","path":"liga_certificado"}},"_message":"Calibration validation failed","name":"ValidationError","message":"Calibration validation failed: liga_certificado: La liga del certificado es obligatoria"}
2024-02-19T20:38:49.412Z [31merror[39m    [Machines, createMachineController]  User:leonardo_heredia123@hotmail.com  {"errors":{"liga_certificado":{"name":"ValidatorError","message":"La liga del certificado es obligatoria","properties":{"message":"La liga del certificado es obligatoria","type":"required","path":"liga_certificado"},"kind":"required","path":"liga_certificado"}},"_message":"Calibration validation failed","name":"ValidationError","message":"Calibration validation failed: liga_certificado: La liga del certificado es obligatoria"}
2024-02-19T20:40:32.090Z [31merror[39m    [Machines, createMachineController]  User:leonardo_heredia123@hotmail.com  {"errors":{"liga_certificado":{"name":"ValidatorError","message":"La liga del certificado es obligatoria","properties":{"message":"La liga del certificado es obligatoria","type":"required","path":"liga_certificado"},"kind":"required","path":"liga_certificado"}},"_message":"Calibration validation failed","name":"ValidationError","message":"Calibration validation failed: liga_certificado: La liga del certificado es obligatoria"}
2024-02-19T20:41:14.633Z [31merror[39m    [Machines, createMachineController]  User:leonardo_heredia123@hotmail.com  {"errors":{"liga_certificado":{"name":"ValidatorError","message":"La liga del certificado es obligatoria","properties":{"message":"La liga del certificado es obligatoria","type":"required","path":"liga_certificado"},"kind":"required","path":"liga_certificado"}},"_message":"Calibration validation failed","name":"ValidationError","message":"Calibration validation failed: liga_certificado: La liga del certificado es obligatoria"}
2024-02-19T20:42:26.966Z [31merror[39m    [Machines, createMachineController]  User:leonardo_heredia123@hotmail.com  {"errors":{"liga_certificado":{"name":"ValidatorError","message":"La liga del certificado es obligatoria","properties":{"message":"La liga del certificado es obligatoria","type":"required","path":"liga_certificado"},"kind":"required","path":"liga_certificado"}},"_message":"Calibration validation failed","name":"ValidationError","message":"Calibration validation failed: liga_certificado: La liga del certificado es obligatoria"}
2024-02-19T20:44:13.287Z [31merror[39m    [Machines, createMachineController]  User:leonardo_heredia123@hotmail.com  {"errors":{"liga_certificado":{"name":"ValidatorError","message":"La liga del certificado es obligatoria","properties":{"message":"La liga del certificado es obligatoria","type":"required","path":"liga_certificado"},"kind":"required","path":"liga_certificado"}},"_message":"Calibration validation failed","name":"ValidationError","message":"Calibration validation failed: liga_certificado: La liga del certificado es obligatoria"}
2024-02-19T20:46:24.600Z [31merror[39m    [Machines, createMachineController]  User:leonardo_heredia123@hotmail.com  {"errors":{"liga_certificado":{"name":"ValidatorError","message":"La liga del certificado es obligatoria","properties":{"message":"La liga del certificado es obligatoria","type":"required","path":"liga_certificado"},"kind":"required","path":"liga_certificado"}},"_message":"Calibration validation failed","name":"ValidationError","message":"Calibration validation failed: liga_certificado: La liga del certificado es obligatoria"}
2024-02-21T02:36:45.350Z [31merror[39m    (middlewares, jwtValidation) jwt expired {"name":"TokenExpiredError","message":"jwt expired","expiredAt":"2024-02-20T10:30:04.000Z"}
2024-02-21T04:43:06.756Z [31merror[39m    [Machines, getMachineByIdController] Cast to ObjectId failed for value "undefined" (type string) at path "_id" for model "Calibration" {"stringValue":"\"undefined\"","valueType":"string","kind":"ObjectId","value":"undefined","path":"_id","reason":{},"name":"CastError","message":"Cast to ObjectId failed for value \"undefined\" (type string) at path \"_id\" for model \"Calibration\""}
2024-02-21T04:43:06.761Z [31merror[39m    [Machines, getMachineByIdController] Cast to ObjectId failed for value "undefined" (type string) at path "_id" for model "Calibration" {"stringValue":"\"undefined\"","valueType":"string","kind":"ObjectId","value":"undefined","path":"_id","reason":{},"name":"CastError","message":"Cast to ObjectId failed for value \"undefined\" (type string) at path \"_id\" for model \"Calibration\""}
2024-02-21T04:43:09.822Z [31merror[39m    [Machines, getMachineByIdController] Cast to ObjectId failed for value "undefined" (type string) at path "_id" for model "Calibration" {"stringValue":"\"undefined\"","valueType":"string","kind":"ObjectId","value":"undefined","path":"_id","reason":{},"name":"CastError","message":"Cast to ObjectId failed for value \"undefined\" (type string) at path \"_id\" for model \"Calibration\""}
2024-02-21T04:43:09.825Z [31merror[39m    [Machines, getMachineByIdController] Cast to ObjectId failed for value "undefined" (type string) at path "_id" for model "Calibration" {"stringValue":"\"undefined\"","valueType":"string","kind":"ObjectId","value":"undefined","path":"_id","reason":{},"name":"CastError","message":"Cast to ObjectId failed for value \"undefined\" (type string) at path \"_id\" for model \"Calibration\""}
2024-02-21T04:43:18.198Z [31merror[39m    [Machines, getMachineByIdController] Cast to ObjectId failed for value "undefined" (type string) at path "_id" for model "Calibration" {"stringValue":"\"undefined\"","valueType":"string","kind":"ObjectId","value":"undefined","path":"_id","reason":{},"name":"CastError","message":"Cast to ObjectId failed for value \"undefined\" (type string) at path \"_id\" for model \"Calibration\""}
2024-02-21T04:43:18.201Z [31merror[39m    [Machines, getMachineByIdController] Cast to ObjectId failed for value "undefined" (type string) at path "_id" for model "Calibration" {"stringValue":"\"undefined\"","valueType":"string","kind":"ObjectId","value":"undefined","path":"_id","reason":{},"name":"CastError","message":"Cast to ObjectId failed for value \"undefined\" (type string) at path \"_id\" for model \"Calibration\""}
2024-02-21T04:44:30.053Z [31merror[39m    [Machines, getMachineByIdController] Cast to ObjectId failed for value "undefined" (type string) at path "_id" for model "Calibration" {"stringValue":"\"undefined\"","valueType":"string","kind":"ObjectId","value":"undefined","path":"_id","reason":{},"name":"CastError","message":"Cast to ObjectId failed for value \"undefined\" (type string) at path \"_id\" for model \"Calibration\""}
2024-02-21T04:44:30.056Z [31merror[39m    [Machines, getMachineByIdController] Cast to ObjectId failed for value "undefined" (type string) at path "_id" for model "Calibration" {"stringValue":"\"undefined\"","valueType":"string","kind":"ObjectId","value":"undefined","path":"_id","reason":{},"name":"CastError","message":"Cast to ObjectId failed for value \"undefined\" (type string) at path \"_id\" for model \"Calibration\""}
2024-02-21T04:44:35.030Z [31merror[39m    [Machines, getMachineByIdController] Cast to ObjectId failed for value "undefined" (type string) at path "_id" for model "Calibration" {"stringValue":"\"undefined\"","valueType":"string","kind":"ObjectId","value":"undefined","path":"_id","reason":{},"name":"CastError","message":"Cast to ObjectId failed for value \"undefined\" (type string) at path \"_id\" for model \"Calibration\""}
2024-02-21T04:44:35.033Z [31merror[39m    [Machines, getMachineByIdController] Cast to ObjectId failed for value "undefined" (type string) at path "_id" for model "Calibration" {"stringValue":"\"undefined\"","valueType":"string","kind":"ObjectId","value":"undefined","path":"_id","reason":{},"name":"CastError","message":"Cast to ObjectId failed for value \"undefined\" (type string) at path \"_id\" for model \"Calibration\""}
2024-02-21T04:44:45.891Z [31merror[39m    [Machines, getMachineByIdController] Cast to ObjectId failed for value "undefined" (type string) at path "_id" for model "Calibration" {"stringValue":"\"undefined\"","valueType":"string","kind":"ObjectId","value":"undefined","path":"_id","reason":{},"name":"CastError","message":"Cast to ObjectId failed for value \"undefined\" (type string) at path \"_id\" for model \"Calibration\""}
2024-02-21T04:44:45.896Z [31merror[39m    [Machines, getMachineByIdController] Cast to ObjectId failed for value "undefined" (type string) at path "_id" for model "Calibration" {"stringValue":"\"undefined\"","valueType":"string","kind":"ObjectId","value":"undefined","path":"_id","reason":{},"name":"CastError","message":"Cast to ObjectId failed for value \"undefined\" (type string) at path \"_id\" for model \"Calibration\""}
2024-02-21T06:42:56.269Z [31merror[39m    [Machines, getMachineByIdController] Cast to ObjectId failed for value "FDAP-002" (type string) at path "_id" for model "Calibration" {"stringValue":"\"FDAP-002\"","valueType":"string","kind":"ObjectId","value":"FDAP-002","path":"_id","reason":{},"name":"CastError","message":"Cast to ObjectId failed for value \"FDAP-002\" (type string) at path \"_id\" for model \"Calibration\""}
2024-02-21T06:43:20.407Z [31merror[39m    [Machines, getMachineByIdController] Cast to ObjectId failed for value "FDAP-002" (type string) at path "_id" for model "Calibration" {"stringValue":"\"FDAP-002\"","valueType":"string","kind":"ObjectId","value":"FDAP-002","path":"_id","reason":{},"name":"CastError","message":"Cast to ObjectId failed for value \"FDAP-002\" (type string) at path \"_id\" for model \"Calibration\""}
2024-02-21T06:44:06.014Z [31merror[39m    [Machines, getMachineByIdController] Cast to ObjectId failed for value "FDAP-002" (type string) at path "_id" for model "Calibration" {"stringValue":"\"FDAP-002\"","valueType":"string","kind":"ObjectId","value":"FDAP-002","path":"_id","reason":{},"name":"CastError","message":"Cast to ObjectId failed for value \"FDAP-002\" (type string) at path \"_id\" for model \"Calibration\""}
2024-02-21T06:44:21.463Z [31merror[39m    [Machines, getMachineByIdController] Cast to ObjectId failed for value "FDAP-002" (type string) at path "_id" for model "Calibration" {"stringValue":"\"FDAP-002\"","valueType":"string","kind":"ObjectId","value":"FDAP-002","path":"_id","reason":{},"name":"CastError","message":"Cast to ObjectId failed for value \"FDAP-002\" (type string) at path \"_id\" for model \"Calibration\""}
